<?xml version="1.0" encoding="UTF-8"?>
<!-- Generated by org.testng.reporters.JUnitXMLReporter -->
<testsuite ignored="2" hostname="Hassan-Ka" failures="0" tests="1" name="Default test" time="5.831" errors="0" timestamp="2023-04-30T21:55:55 EDT">
  <testcase classname="testCases.LoginTest" name="loginTestWithInvalidEmail" time="1.061"/>
  <testcase classname="testCases.LoginTest" name="loginTestWithInvalidPassword" time="0.0">
    <ignored/>
  </testcase> <!-- loginTestWithInvalidPassword -->
  <testcase classname="testCases.LoginTest" name="loginTestWithValidCredntials" time="0.0">
    <ignored/>
  </testcase> <!-- loginTestWithValidCredntials -->
</testsuite> <!-- Default test -->
