<?xml version="1.0" encoding="UTF-8"?>
<!-- Generated by org.testng.reporters.JUnitXMLReporter -->
<testsuite ignored="0" hostname="Hassan-Ka" failures="0" tests="3" name="Default test" time="34.644" errors="0" timestamp="2023-09-28T20:51:39 EDT">
  <testcase classname="testCases.LoginTest" name="loginTestWithValidCredntials" time="1.746"/>
  <testcase classname="testCases.LoginTest" name="loginTestWithInvalidEmail" time="1.016"/>
  <testcase classname="testCases.LoginTest" name="loginTestWithInvalidPassword" time="1.312"/>
</testsuite> <!-- Default test -->
