<?xml version="1.0" encoding="UTF-8"?>
<!-- Generated by org.testng.reporters.JUnitXMLReporter -->
<testsuite ignored="0" hostname="Hassan-Ka" failures="0" tests="5" name="Test" time="50.72" errors="0" timestamp="2023-04-30T22:09:54 EDT">
  <testcase classname="testCases.LoginTest" name="loginTestWithValidCredntials" time="1.581"/>
  <testcase classname="testCases.LoginTest" name="loginTestWithInvalidEmail" time="1.034"/>
  <testcase classname="testCases.LoginTest" name="loginTestWithInvalidPassword" time="0.992"/>
  <testcase classname="testCases.SearchTest" name="VerifyingSearchFunction" time="0.693"/>
  <testcase classname="testCases.ResisrationTest" name="registarationTestWithValidCredentials" time="2.26"/>
</testsuite> <!-- Test -->
