<?xml version="1.0" encoding="UTF-8"?>
<!-- Generated by org.testng.reporters.JUnitXMLReporter -->
<testsuite ignored="0" hostname="Hassan-Ka" failures="2" tests="5" name="Test" time="33.712" errors="0" timestamp="2023-09-28T20:38:01 EDT">
  <testcase classname="testCases.LoginTest" name="loginTestWithValidCredntials" time="1.56"/>
  <testcase classname="testCases.LoginTest" name="loginTestWithInvalidEmail" time="1.024">
    <failure type="java.lang.AssertionError" message="expected [true] but found [false]">
      <![CDATA[java.lang.AssertionError: expected [true] but found [false]
at testCases.LoginTest.loginTestWithInvalidEmail(LoginTest.java:45)
at java.base/java.util.ArrayList.forEach(ArrayList.java:1511)
... Removed 31 stack frames]]>
    </failure>
  </testcase> <!-- loginTestWithInvalidEmail -->
  <testcase classname="testCases.LoginTest" name="loginTestWithInvalidPassword" time="1.054">
    <failure type="java.lang.AssertionError" message="expected [true] but found [false]">
      <![CDATA[java.lang.AssertionError: expected [true] but found [false]
at testCases.LoginTest.loginTestWithInvalidPassword(LoginTest.java:60)
at java.base/java.util.ArrayList.forEach(ArrayList.java:1511)
... Removed 31 stack frames]]>
    </failure>
  </testcase> <!-- loginTestWithInvalidPassword -->
  <testcase classname="testCases.SearchTest" name="VerifyingSearchFunction" time="0.812"/>
  <testcase classname="testCases.ResisrationTest" name="registarationTestWithValidCredentials" time="2.143"/>
</testsuite> <!-- Test -->
