<?xml version="1.0" encoding="UTF-8"?>
<!-- Generated by org.testng.reporters.JUnitXMLReporter -->
<testsuite ignored="0" hostname="Hassan-Ka" failures="0" tests="5" name="Test" time="44.874" errors="0" timestamp="2023-09-28T21:54:04 EDT">
  <testcase classname="testCases.LoginTest" name="loginTestWithValidCredntials" time="1.672"/>
  <testcase classname="testCases.LoginTest" name="loginTestWithInvalidEmail" time="1.082"/>
  <testcase classname="testCases.LoginTest" name="loginTestWithInvalidPassword" time="1.017"/>
  <testcase classname="testCases.SearchTest" name="VerifyingSearchFunction" time="0.719"/>
  <testcase classname="testCases.ResisrationTest" name="registarationTestWithValidCredentials" time="2.111"/>
</testsuite> <!-- Test -->
