<?xml version="1.0" encoding="UTF-8"?>
<!-- Generated by org.testng.reporters.JUnitXMLReporter -->
<testsuite ignored="0" hostname="Hassan-Ka" failures="0" tests="5" name="Test" time="39.769" errors="0" timestamp="2023-05-01T19:32:22 EDT">
  <testcase classname="testCases.LoginTest" name="loginTestWithValidCredntials" time="1.822"/>
  <testcase classname="testCases.LoginTest" name="loginTestWithInvalidEmail" time="1.31"/>
  <testcase classname="testCases.LoginTest" name="loginTestWithInvalidPassword" time="1.119"/>
  <testcase classname="testCases.SearchTest" name="VerifyingSearchFunction" time="0.737"/>
  <testcase classname="testCases.ResisrationTest" name="registarationTestWithValidCredentials" time="2.264"/>
</testsuite> <!-- Test -->
