<?xml version="1.0" encoding="UTF-8"?>
<testng-results ignored="0" total="5" passed="5" failed="0" skipped="0">
  <reporter-output>
  </reporter-output>
  <suite started-at="2023-09-28T21:53:19 EDT" name="Suite" finished-at="2023-09-28T21:54:04 EDT" duration-ms="44874">
    <groups>
    </groups>
    <test started-at="2023-09-28T21:53:19 EDT" name="Test" finished-at="2023-09-28T21:54:04 EDT" duration-ms="44874">
      <class name="testCases.LoginTest">
        <test-method is-config="true" signature="setup()[pri:0, instance:testCases.LoginTest@131774fe]" started-at="2023-09-28T21:53:19 EDT" name="setup" finished-at="2023-09-28T21:53:28 EDT" duration-ms="8545" status="PASS">
          <reporter-output>
          </reporter-output>
        </test-method> <!-- setup -->
        <test-method signature="loginTestWithValidCredntials()[pri:1, instance:testCases.LoginTest@131774fe]" started-at="2023-09-28T21:53:28 EDT" name="loginTestWithValidCredntials" finished-at="2023-09-28T21:53:30 EDT" duration-ms="1672" status="PASS">
          <reporter-output>
          </reporter-output>
        </test-method> <!-- loginTestWithValidCredntials -->
        <test-method is-config="true" signature="tearDown()[pri:0, instance:testCases.LoginTest@131774fe]" started-at="2023-09-28T21:53:30 EDT" name="tearDown" finished-at="2023-09-28T21:53:30 EDT" duration-ms="103" status="PASS">
          <reporter-output>
          </reporter-output>
        </test-method> <!-- tearDown -->
        <test-method is-config="true" signature="setup()[pri:0, instance:testCases.LoginTest@131774fe]" started-at="2023-09-28T21:53:30 EDT" name="setup" finished-at="2023-09-28T21:53:37 EDT" duration-ms="7190" status="PASS">
          <reporter-output>
          </reporter-output>
        </test-method> <!-- setup -->
        <test-method signature="loginTestWithInvalidEmail()[pri:2, instance:testCases.LoginTest@131774fe]" started-at="2023-09-28T21:53:37 EDT" name="loginTestWithInvalidEmail" finished-at="2023-09-28T21:53:38 EDT" duration-ms="1082" status="PASS">
          <reporter-output>
          </reporter-output>
        </test-method> <!-- loginTestWithInvalidEmail -->
        <test-method is-config="true" signature="tearDown()[pri:0, instance:testCases.LoginTest@131774fe]" started-at="2023-09-28T21:53:38 EDT" name="tearDown" finished-at="2023-09-28T21:53:38 EDT" duration-ms="86" status="PASS">
          <reporter-output>
          </reporter-output>
        </test-method> <!-- tearDown -->
        <test-method is-config="true" signature="setup()[pri:0, instance:testCases.LoginTest@131774fe]" started-at="2023-09-28T21:53:38 EDT" name="setup" finished-at="2023-09-28T21:53:45 EDT" duration-ms="7396" status="PASS">
          <reporter-output>
          </reporter-output>
        </test-method> <!-- setup -->
        <test-method signature="loginTestWithInvalidPassword()[pri:3, instance:testCases.LoginTest@131774fe]" started-at="2023-09-28T21:53:45 EDT" name="loginTestWithInvalidPassword" finished-at="2023-09-28T21:53:46 EDT" duration-ms="1017" status="PASS">
          <reporter-output>
          </reporter-output>
        </test-method> <!-- loginTestWithInvalidPassword -->
        <test-method is-config="true" signature="tearDown()[pri:0, instance:testCases.LoginTest@131774fe]" started-at="2023-09-28T21:53:46 EDT" name="tearDown" finished-at="2023-09-28T21:53:47 EDT" duration-ms="83" status="PASS">
          <reporter-output>
          </reporter-output>
        </test-method> <!-- tearDown -->
      </class> <!-- testCases.LoginTest -->
      <class name="testCases.SearchTest">
        <test-method is-config="true" signature="setup()[pri:0, instance:testCases.SearchTest@158d2680]" started-at="2023-09-28T21:53:47 EDT" name="setup" finished-at="2023-09-28T21:53:54 EDT" duration-ms="7200" status="PASS">
          <reporter-output>
          </reporter-output>
        </test-method> <!-- setup -->
        <test-method signature="VerifyingSearchFunction()[pri:0, instance:testCases.SearchTest@158d2680]" started-at="2023-09-28T21:53:54 EDT" name="VerifyingSearchFunction" finished-at="2023-09-28T21:53:54 EDT" duration-ms="719" status="PASS">
          <reporter-output>
          </reporter-output>
        </test-method> <!-- VerifyingSearchFunction -->
        <test-method is-config="true" signature="tearDown()[pri:0, instance:testCases.SearchTest@158d2680]" started-at="2023-09-28T21:53:54 EDT" name="tearDown" finished-at="2023-09-28T21:53:55 EDT" duration-ms="81" status="PASS">
          <reporter-output>
          </reporter-output>
        </test-method> <!-- tearDown -->
      </class> <!-- testCases.SearchTest -->
      <class name="testCases.ResisrationTest">
        <test-method is-config="true" signature="setup()[pri:0, instance:testCases.ResisrationTest@77847718]" started-at="2023-09-28T21:53:55 EDT" name="setup" finished-at="2023-09-28T21:54:02 EDT" duration-ms="7330" status="PASS">
          <reporter-output>
          </reporter-output>
        </test-method> <!-- setup -->
        <test-method signature="registarationTestWithValidCredentials()[pri:0, instance:testCases.ResisrationTest@77847718]" started-at="2023-09-28T21:54:02 EDT" name="registarationTestWithValidCredentials" finished-at="2023-09-28T21:54:04 EDT" duration-ms="2111" status="PASS">
          <reporter-output>
          </reporter-output>
        </test-method> <!-- registarationTestWithValidCredentials -->
        <test-method is-config="true" signature="tearDown()[pri:0, instance:testCases.ResisrationTest@77847718]" started-at="2023-09-28T21:54:04 EDT" name="tearDown" finished-at="2023-09-28T21:54:04 EDT" duration-ms="89" status="PASS">
          <reporter-output>
          </reporter-output>
        </test-method> <!-- tearDown -->
      </class> <!-- testCases.ResisrationTest -->
    </test> <!-- Test -->
  </suite> <!-- Suite -->
</testng-results>
