<?xml version="1.0" encoding="UTF-8"?>
<testng-results ignored="0" total="5" passed="5" failed="0" skipped="0">
  <reporter-output>
  </reporter-output>
  <suite started-at="2023-05-01T19:31:41 EDT" name="Suite" finished-at="2023-05-01T19:32:21 EDT" duration-ms="39769">
    <groups>
    </groups>
    <test started-at="2023-05-01T19:31:41 EDT" name="Test" finished-at="2023-05-01T19:32:21 EDT" duration-ms="39769">
      <class name="testCases.LoginTest">
        <test-method is-config="true" signature="setup()[pri:0, instance:testCases.LoginTest@77847718]" started-at="2023-05-01T19:31:41 EDT" name="setup" finished-at="2023-05-01T19:31:51 EDT" duration-ms="10030" status="PASS">
          <reporter-output>
          </reporter-output>
        </test-method> <!-- setup -->
        <test-method signature="loginTestWithValidCredntials()[pri:1, instance:testCases.LoginTest@77847718]" started-at="2023-05-01T19:31:51 EDT" name="loginTestWithValidCredntials" finished-at="2023-05-01T19:31:53 EDT" duration-ms="1822" status="PASS">
          <reporter-output>
          </reporter-output>
        </test-method> <!-- loginTestWithValidCredntials -->
        <test-method is-config="true" signature="tearDown()[pri:0, instance:testCases.LoginTest@77847718]" started-at="2023-05-01T19:31:53 EDT" name="tearDown" finished-at="2023-05-01T19:31:53 EDT" duration-ms="127" status="PASS">
          <reporter-output>
          </reporter-output>
        </test-method> <!-- tearDown -->
        <test-method is-config="true" signature="setup()[pri:0, instance:testCases.LoginTest@77847718]" started-at="2023-05-01T19:31:53 EDT" name="setup" finished-at="2023-05-01T19:32:00 EDT" duration-ms="6845" status="PASS">
          <reporter-output>
          </reporter-output>
        </test-method> <!-- setup -->
        <test-method signature="loginTestWithInvalidEmail()[pri:2, instance:testCases.LoginTest@77847718]" started-at="2023-05-01T19:32:00 EDT" name="loginTestWithInvalidEmail" finished-at="2023-05-01T19:32:02 EDT" duration-ms="1310" status="PASS">
          <reporter-output>
          </reporter-output>
        </test-method> <!-- loginTestWithInvalidEmail -->
        <test-method is-config="true" signature="tearDown()[pri:0, instance:testCases.LoginTest@77847718]" started-at="2023-05-01T19:32:02 EDT" name="tearDown" finished-at="2023-05-01T19:32:02 EDT" duration-ms="152" status="PASS">
          <reporter-output>
          </reporter-output>
        </test-method> <!-- tearDown -->
        <test-method is-config="true" signature="setup()[pri:0, instance:testCases.LoginTest@77847718]" started-at="2023-05-01T19:32:02 EDT" name="setup" finished-at="2023-05-01T19:32:06 EDT" duration-ms="4533" status="PASS">
          <reporter-output>
          </reporter-output>
        </test-method> <!-- setup -->
        <test-method signature="loginTestWithInvalidPassword()[pri:3, instance:testCases.LoginTest@77847718]" started-at="2023-05-01T19:32:06 EDT" name="loginTestWithInvalidPassword" finished-at="2023-05-01T19:32:07 EDT" duration-ms="1119" status="PASS">
          <reporter-output>
          </reporter-output>
        </test-method> <!-- loginTestWithInvalidPassword -->
        <test-method is-config="true" signature="tearDown()[pri:0, instance:testCases.LoginTest@77847718]" started-at="2023-05-01T19:32:07 EDT" name="tearDown" finished-at="2023-05-01T19:32:07 EDT" duration-ms="128" status="PASS">
          <reporter-output>
          </reporter-output>
        </test-method> <!-- tearDown -->
      </class> <!-- testCases.LoginTest -->
      <class name="testCases.SearchTest">
        <test-method is-config="true" signature="setup()[pri:0, instance:testCases.SearchTest@7f3b84b8]" started-at="2023-05-01T19:32:07 EDT" name="setup" finished-at="2023-05-01T19:32:11 EDT" duration-ms="3820" status="PASS">
          <reporter-output>
          </reporter-output>
        </test-method> <!-- setup -->
        <test-method signature="VerifyingSearchFunction()[pri:0, instance:testCases.SearchTest@7f3b84b8]" started-at="2023-05-01T19:32:11 EDT" name="VerifyingSearchFunction" finished-at="2023-05-01T19:32:12 EDT" duration-ms="737" status="PASS">
          <reporter-output>
          </reporter-output>
        </test-method> <!-- VerifyingSearchFunction -->
        <test-method is-config="true" signature="tearDown()[pri:0, instance:testCases.SearchTest@7f3b84b8]" started-at="2023-05-01T19:32:12 EDT" name="tearDown" finished-at="2023-05-01T19:32:12 EDT" duration-ms="152" status="PASS">
          <reporter-output>
          </reporter-output>
        </test-method> <!-- tearDown -->
      </class> <!-- testCases.SearchTest -->
      <class name="testCases.ResisrationTest">
        <test-method is-config="true" signature="setup()[pri:0, instance:testCases.ResisrationTest@57a3af25]" started-at="2023-05-01T19:32:12 EDT" name="setup" finished-at="2023-05-01T19:32:18 EDT" duration-ms="6332" status="PASS">
          <reporter-output>
          </reporter-output>
        </test-method> <!-- setup -->
        <test-method signature="registarationTestWithValidCredentials()[pri:0, instance:testCases.ResisrationTest@57a3af25]" started-at="2023-05-01T19:32:18 EDT" name="registarationTestWithValidCredentials" finished-at="2023-05-01T19:32:21 EDT" duration-ms="2264" status="PASS">
          <reporter-output>
          </reporter-output>
        </test-method> <!-- registarationTestWithValidCredentials -->
        <test-method is-config="true" signature="tearDown()[pri:0, instance:testCases.ResisrationTest@57a3af25]" started-at="2023-05-01T19:32:21 EDT" name="tearDown" finished-at="2023-05-01T19:32:21 EDT" duration-ms="172" status="PASS">
          <reporter-output>
          </reporter-output>
        </test-method> <!-- tearDown -->
      </class> <!-- testCases.ResisrationTest -->
    </test> <!-- Test -->
  </suite> <!-- Suite -->
</testng-results>
