<?xml version="1.0" encoding="UTF-8"?>
<testng-results ignored="0" total="3" passed="3" failed="0" skipped="0">
  <reporter-output>
  </reporter-output>
  <suite started-at="2023-09-28T20:51:05 EDT" name="Default suite" finished-at="2023-09-28T20:51:39 EDT" duration-ms="34644">
    <groups>
    </groups>
    <test started-at="2023-09-28T20:51:05 EDT" name="Default test" finished-at="2023-09-28T20:51:39 EDT" duration-ms="34644">
      <class name="testCases.LoginTest">
        <test-method is-config="true" signature="setup()[pri:0, instance:testCases.LoginTest@793f29ff]" started-at="2023-09-28T20:51:05 EDT" name="setup" finished-at="2023-09-28T20:51:18 EDT" duration-ms="13573" status="PASS">
          <reporter-output>
          </reporter-output>
        </test-method> <!-- setup -->
        <test-method signature="loginTestWithValidCredntials()[pri:1, instance:testCases.LoginTest@793f29ff]" started-at="2023-09-28T20:51:18 EDT" name="loginTestWithValidCredntials" finished-at="2023-09-28T20:51:20 EDT" duration-ms="1746" status="PASS">
          <reporter-output>
          </reporter-output>
        </test-method> <!-- loginTestWithValidCredntials -->
        <test-method is-config="true" signature="tearDown()[pri:0, instance:testCases.LoginTest@793f29ff]" started-at="2023-09-28T20:51:20 EDT" name="tearDown" finished-at="2023-09-28T20:51:20 EDT" duration-ms="98" status="PASS">
          <reporter-output>
          </reporter-output>
        </test-method> <!-- tearDown -->
        <test-method is-config="true" signature="setup()[pri:0, instance:testCases.LoginTest@793f29ff]" started-at="2023-09-28T20:51:20 EDT" name="setup" finished-at="2023-09-28T20:51:25 EDT" duration-ms="5108" status="PASS">
          <reporter-output>
          </reporter-output>
        </test-method> <!-- setup -->
        <test-method signature="loginTestWithInvalidEmail()[pri:2, instance:testCases.LoginTest@793f29ff]" started-at="2023-09-28T20:51:25 EDT" name="loginTestWithInvalidEmail" finished-at="2023-09-28T20:51:26 EDT" duration-ms="1016" status="PASS">
          <reporter-output>
          </reporter-output>
        </test-method> <!-- loginTestWithInvalidEmail -->
        <test-method is-config="true" signature="tearDown()[pri:0, instance:testCases.LoginTest@793f29ff]" started-at="2023-09-28T20:51:26 EDT" name="tearDown" finished-at="2023-09-28T20:51:26 EDT" duration-ms="99" status="PASS">
          <reporter-output>
          </reporter-output>
        </test-method> <!-- tearDown -->
        <test-method is-config="true" signature="setup()[pri:0, instance:testCases.LoginTest@793f29ff]" started-at="2023-09-28T20:51:26 EDT" name="setup" finished-at="2023-09-28T20:51:38 EDT" duration-ms="11561" status="PASS">
          <reporter-output>
          </reporter-output>
        </test-method> <!-- setup -->
        <test-method signature="loginTestWithInvalidPassword()[pri:3, instance:testCases.LoginTest@793f29ff]" started-at="2023-09-28T20:51:38 EDT" name="loginTestWithInvalidPassword" finished-at="2023-09-28T20:51:39 EDT" duration-ms="1312" status="PASS">
          <reporter-output>
          </reporter-output>
        </test-method> <!-- loginTestWithInvalidPassword -->
        <test-method is-config="true" signature="tearDown()[pri:0, instance:testCases.LoginTest@793f29ff]" started-at="2023-09-28T20:51:39 EDT" name="tearDown" finished-at="2023-09-28T20:51:39 EDT" duration-ms="90" status="PASS">
          <reporter-output>
          </reporter-output>
        </test-method> <!-- tearDown -->
      </class> <!-- testCases.LoginTest -->
    </test> <!-- Default test -->
  </suite> <!-- Default suite -->
</testng-results>
