<?xml version="1.0" encoding="UTF-8"?>
<testng-results ignored="0" total="5" passed="5" failed="0" skipped="0">
  <reporter-output>
  </reporter-output>
  <suite started-at="2023-04-30T22:09:03 EDT" name="Suite" finished-at="2023-04-30T22:09:54 EDT" duration-ms="50720">
    <groups>
    </groups>
    <test started-at="2023-04-30T22:09:03 EDT" name="Test" finished-at="2023-04-30T22:09:54 EDT" duration-ms="50720">
      <class name="testCases.LoginTest">
        <test-method is-config="true" signature="setup()[pri:0, instance:testCases.LoginTest@3a7442c7]" started-at="2023-04-30T22:09:03 EDT" name="setup" finished-at="2023-04-30T22:09:16 EDT" duration-ms="12406" status="PASS">
          <reporter-output>
          </reporter-output>
        </test-method> <!-- setup -->
        <test-method signature="loginTestWithValidCredntials()[pri:1, instance:testCases.LoginTest@3a7442c7]" started-at="2023-04-30T22:09:16 EDT" name="loginTestWithValidCredntials" finished-at="2023-04-30T22:09:17 EDT" duration-ms="1581" status="PASS">
          <reporter-output>
          </reporter-output>
        </test-method> <!-- loginTestWithValidCredntials -->
        <test-method is-config="true" signature="tearDown()[pri:0, instance:testCases.LoginTest@3a7442c7]" started-at="2023-04-30T22:09:17 EDT" name="tearDown" finished-at="2023-04-30T22:09:17 EDT" duration-ms="112" status="PASS">
          <reporter-output>
          </reporter-output>
        </test-method> <!-- tearDown -->
        <test-method is-config="true" signature="setup()[pri:0, instance:testCases.LoginTest@3a7442c7]" started-at="2023-04-30T22:09:17 EDT" name="setup" finished-at="2023-04-30T22:09:24 EDT" duration-ms="6848" status="PASS">
          <reporter-output>
          </reporter-output>
        </test-method> <!-- setup -->
        <test-method signature="loginTestWithInvalidEmail()[pri:2, instance:testCases.LoginTest@3a7442c7]" started-at="2023-04-30T22:09:24 EDT" name="loginTestWithInvalidEmail" finished-at="2023-04-30T22:09:25 EDT" duration-ms="1034" status="PASS">
          <reporter-output>
          </reporter-output>
        </test-method> <!-- loginTestWithInvalidEmail -->
        <test-method is-config="true" signature="tearDown()[pri:0, instance:testCases.LoginTest@3a7442c7]" started-at="2023-04-30T22:09:25 EDT" name="tearDown" finished-at="2023-04-30T22:09:25 EDT" duration-ms="121" status="PASS">
          <reporter-output>
          </reporter-output>
        </test-method> <!-- tearDown -->
        <test-method is-config="true" signature="setup()[pri:0, instance:testCases.LoginTest@3a7442c7]" started-at="2023-04-30T22:09:25 EDT" name="setup" finished-at="2023-04-30T22:09:32 EDT" duration-ms="6864" status="PASS">
          <reporter-output>
          </reporter-output>
        </test-method> <!-- setup -->
        <test-method signature="loginTestWithInvalidPassword()[pri:3, instance:testCases.LoginTest@3a7442c7]" started-at="2023-04-30T22:09:32 EDT" name="loginTestWithInvalidPassword" finished-at="2023-04-30T22:09:33 EDT" duration-ms="992" status="PASS">
          <reporter-output>
          </reporter-output>
        </test-method> <!-- loginTestWithInvalidPassword -->
        <test-method is-config="true" signature="tearDown()[pri:0, instance:testCases.LoginTest@3a7442c7]" started-at="2023-04-30T22:09:33 EDT" name="tearDown" finished-at="2023-04-30T22:09:33 EDT" duration-ms="124" status="PASS">
          <reporter-output>
          </reporter-output>
        </test-method> <!-- tearDown -->
      </class> <!-- testCases.LoginTest -->
      <class name="testCases.SearchTest">
        <test-method is-config="true" signature="setup()[pri:0, instance:testCases.SearchTest@4be29ed9]" started-at="2023-04-30T22:09:33 EDT" name="setup" finished-at="2023-04-30T22:09:40 EDT" duration-ms="6581" status="PASS">
          <reporter-output>
          </reporter-output>
        </test-method> <!-- setup -->
        <test-method signature="VerifyingSearchFunction()[pri:0, instance:testCases.SearchTest@4be29ed9]" started-at="2023-04-30T22:09:40 EDT" name="VerifyingSearchFunction" finished-at="2023-04-30T22:09:41 EDT" duration-ms="693" status="PASS">
          <reporter-output>
          </reporter-output>
        </test-method> <!-- VerifyingSearchFunction -->
        <test-method is-config="true" signature="tearDown()[pri:0, instance:testCases.SearchTest@4be29ed9]" started-at="2023-04-30T22:09:41 EDT" name="tearDown" finished-at="2023-04-30T22:09:41 EDT" duration-ms="131" status="PASS">
          <reporter-output>
          </reporter-output>
        </test-method> <!-- tearDown -->
      </class> <!-- testCases.SearchTest -->
      <class name="testCases.ResisrationTest">
        <test-method is-config="true" signature="setup()[pri:0, instance:testCases.ResisrationTest@548d708a]" started-at="2023-04-30T22:09:41 EDT" name="setup" finished-at="2023-04-30T22:09:51 EDT" duration-ms="10556" status="PASS">
          <reporter-output>
          </reporter-output>
        </test-method> <!-- setup -->
        <test-method signature="registarationTestWithValidCredentials()[pri:0, instance:testCases.ResisrationTest@548d708a]" started-at="2023-04-30T22:09:51 EDT" name="registarationTestWithValidCredentials" finished-at="2023-04-30T22:09:54 EDT" duration-ms="2260" status="PASS">
          <reporter-output>
          </reporter-output>
        </test-method> <!-- registarationTestWithValidCredentials -->
        <test-method is-config="true" signature="tearDown()[pri:0, instance:testCases.ResisrationTest@548d708a]" started-at="2023-04-30T22:09:54 EDT" name="tearDown" finished-at="2023-04-30T22:09:54 EDT" duration-ms="99" status="PASS">
          <reporter-output>
          </reporter-output>
        </test-method> <!-- tearDown -->
      </class> <!-- testCases.ResisrationTest -->
    </test> <!-- Test -->
  </suite> <!-- Suite -->
</testng-results>
